Analysis & Synthesis report for DE1_SoC
Wed Dec 04 14:41:07 2019
Quartus Prime Version 17.0.2 Build 602 07/19/2017 SJ Standard Edition


---------------------
; Table of Contents ;
---------------------
  1. Legal Notice
  2. Analysis & Synthesis Summary
  3. Analysis & Synthesis Settings
  4. Parallel Compilation
  5. Analysis & Synthesis Source Files Read
  6. Analysis & Synthesis Resource Usage Summary
  7. Analysis & Synthesis Resource Utilization by Entity
  8. Registers Removed During Synthesis
  9. General Register Statistics
 10. Multiplexer Restructuring Statistics (Restructuring Performed)
 11. Parameter Settings for User Entity Instance: LEDDriver:Driver
 12. Port Connectivity Checks: "LEDDriver:Driver"
 13. Port Connectivity Checks: "clock_divider:divider"
 14. Post-Synthesis Netlist Statistics for Top Partition
 15. Elapsed Time Per Partition
 16. Analysis & Synthesis Messages
 17. Analysis & Synthesis Suppressed Messages



----------------
; Legal Notice ;
----------------
Copyright (C) 2017  Intel Corporation. All rights reserved.
Your use of Intel Corporation's design tools, logic functions 
and other software and tools, and its AMPP partner logic 
functions, and any output files from any of the foregoing 
(including device programming or simulation files), and any 
associated documentation or information are expressly subject 
to the terms and conditions of the Intel Program License 
Subscription Agreement, the Intel Quartus Prime License Agreement,
the Intel MegaCore Function License Agreement, or other 
applicable license agreement, including, without limitation, 
that your use is for the sole purpose of programming logic 
devices manufactured by Intel and sold by Intel or its 
authorized distributors.  Please refer to the applicable 
agreement for further details.



+-----------------------------------------------------------------------------------+
; Analysis & Synthesis Summary                                                      ;
+---------------------------------+-------------------------------------------------+
; Analysis & Synthesis Status     ; Successful - Wed Dec 04 14:41:07 2019           ;
; Quartus Prime Version           ; 17.0.2 Build 602 07/19/2017 SJ Standard Edition ;
; Revision Name                   ; DE1_SoC                                         ;
; Top-level Entity Name           ; DE1_SoC                                         ;
; Family                          ; Cyclone V                                       ;
; Logic utilization (in ALMs)     ; N/A                                             ;
; Total registers                 ; 678                                             ;
; Total pins                      ; 103                                             ;
; Total virtual pins              ; 0                                               ;
; Total block memory bits         ; 0                                               ;
; Total DSP Blocks                ; 0                                               ;
; Total HSSI RX PCSs              ; 0                                               ;
; Total HSSI PMA RX Deserializers ; 0                                               ;
; Total HSSI TX PCSs              ; 0                                               ;
; Total HSSI PMA TX Serializers   ; 0                                               ;
; Total PLLs                      ; 0                                               ;
; Total DLLs                      ; 0                                               ;
+---------------------------------+-------------------------------------------------+


+---------------------------------------------------------------------------------------------------------------------------+
; Analysis & Synthesis Settings                                                                                             ;
+---------------------------------------------------------------------------------+--------------------+--------------------+
; Option                                                                          ; Setting            ; Default Value      ;
+---------------------------------------------------------------------------------+--------------------+--------------------+
; Device                                                                          ; 5CSEMA5F31C6       ;                    ;
; Top-level entity name                                                           ; DE1_SoC            ; DE1_SoC            ;
; Family name                                                                     ; Cyclone V          ; Cyclone V          ;
; State Machine Processing                                                        ; User-Encoded       ; Auto               ;
; Use smart compilation                                                           ; Off                ; Off                ;
; Enable parallel Assembler and TimeQuest Timing Analyzer during compilation      ; On                 ; On                 ;
; Enable compact report table                                                     ; Off                ; Off                ;
; Restructure Multiplexers                                                        ; Auto               ; Auto               ;
; MLAB Add Timing Constraints For Mixed-Port Feed-Through Mode Setting Don't Care ; Off                ; Off                ;
; Create Debugging Nodes for IP Cores                                             ; Off                ; Off                ;
; Preserve fewer node names                                                       ; On                 ; On                 ;
; OpenCore Plus hardware evaluation                                               ; Enable             ; Enable             ;
; Verilog Version                                                                 ; Verilog_2001       ; Verilog_2001       ;
; VHDL Version                                                                    ; VHDL_1993          ; VHDL_1993          ;
; Safe State Machine                                                              ; Off                ; Off                ;
; Extract Verilog State Machines                                                  ; On                 ; On                 ;
; Extract VHDL State Machines                                                     ; On                 ; On                 ;
; Ignore Verilog initial constructs                                               ; Off                ; Off                ;
; Iteration limit for constant Verilog loops                                      ; 5000               ; 5000               ;
; Iteration limit for non-constant Verilog loops                                  ; 250                ; 250                ;
; Add Pass-Through Logic to Inferred RAMs                                         ; On                 ; On                 ;
; Infer RAMs from Raw Logic                                                       ; On                 ; On                 ;
; Parallel Synthesis                                                              ; On                 ; On                 ;
; DSP Block Balancing                                                             ; Auto               ; Auto               ;
; NOT Gate Push-Back                                                              ; On                 ; On                 ;
; Power-Up Don't Care                                                             ; On                 ; On                 ;
; Remove Redundant Logic Cells                                                    ; Off                ; Off                ;
; Remove Duplicate Registers                                                      ; On                 ; On                 ;
; Ignore CARRY Buffers                                                            ; Off                ; Off                ;
; Ignore CASCADE Buffers                                                          ; Off                ; Off                ;
; Ignore GLOBAL Buffers                                                           ; Off                ; Off                ;
; Ignore ROW GLOBAL Buffers                                                       ; Off                ; Off                ;
; Ignore LCELL Buffers                                                            ; Off                ; Off                ;
; Ignore SOFT Buffers                                                             ; On                 ; On                 ;
; Limit AHDL Integers to 32 Bits                                                  ; Off                ; Off                ;
; Optimization Technique                                                          ; Balanced           ; Balanced           ;
; Carry Chain Length                                                              ; 70                 ; 70                 ;
; Auto Carry Chains                                                               ; On                 ; On                 ;
; Auto Open-Drain Pins                                                            ; On                 ; On                 ;
; Perform WYSIWYG Primitive Resynthesis                                           ; Off                ; Off                ;
; Auto ROM Replacement                                                            ; On                 ; On                 ;
; Auto RAM Replacement                                                            ; On                 ; On                 ;
; Auto DSP Block Replacement                                                      ; On                 ; On                 ;
; Auto Shift Register Replacement                                                 ; Auto               ; Auto               ;
; Allow Shift Register Merging across Hierarchies                                 ; Auto               ; Auto               ;
; Auto Clock Enable Replacement                                                   ; On                 ; On                 ;
; Strict RAM Replacement                                                          ; Off                ; Off                ;
; Allow Synchronous Control Signals                                               ; On                 ; On                 ;
; Force Use of Synchronous Clear Signals                                          ; Off                ; Off                ;
; Auto Resource Sharing                                                           ; Off                ; Off                ;
; Allow Any RAM Size For Recognition                                              ; Off                ; Off                ;
; Allow Any ROM Size For Recognition                                              ; Off                ; Off                ;
; Allow Any Shift Register Size For Recognition                                   ; Off                ; Off                ;
; Use LogicLock Constraints during Resource Balancing                             ; On                 ; On                 ;
; Ignore translate_off and synthesis_off directives                               ; Off                ; Off                ;
; Timing-Driven Synthesis                                                         ; On                 ; On                 ;
; Report Parameter Settings                                                       ; On                 ; On                 ;
; Report Source Assignments                                                       ; On                 ; On                 ;
; Report Connectivity Checks                                                      ; On                 ; On                 ;
; Ignore Maximum Fan-Out Assignments                                              ; Off                ; Off                ;
; Synchronization Register Chain Length                                           ; 3                  ; 3                  ;
; PowerPlay Power Optimization During Synthesis                                   ; Normal compilation ; Normal compilation ;
; HDL message level                                                               ; Level2             ; Level2             ;
; Suppress Register Optimization Related Messages                                 ; Off                ; Off                ;
; Number of Removed Registers Reported in Synthesis Report                        ; 5000               ; 5000               ;
; Number of Swept Nodes Reported in Synthesis Report                              ; 5000               ; 5000               ;
; Number of Inverted Registers Reported in Synthesis Report                       ; 100                ; 100                ;
; Clock MUX Protection                                                            ; On                 ; On                 ;
; Auto Gated Clock Conversion                                                     ; Off                ; Off                ;
; Block Design Naming                                                             ; Auto               ; Auto               ;
; SDC constraint protection                                                       ; Off                ; Off                ;
; Synthesis Effort                                                                ; Auto               ; Auto               ;
; Shift Register Replacement - Allow Asynchronous Clear Signal                    ; On                 ; On                 ;
; Pre-Mapping Resynthesis Optimization                                            ; Off                ; Off                ;
; Analysis & Synthesis Message Level                                              ; Medium             ; Medium             ;
; Disable Register Merging Across Hierarchies                                     ; Auto               ; Auto               ;
; Resource Aware Inference For Block RAM                                          ; On                 ; On                 ;
; Automatic Parallel Synthesis                                                    ; On                 ; On                 ;
; Partial Reconfiguration Bitstream ID                                            ; Off                ; Off                ;
+---------------------------------------------------------------------------------+--------------------+--------------------+


+------------------------------------------+
; Parallel Compilation                     ;
+----------------------------+-------------+
; Processors                 ; Number      ;
+----------------------------+-------------+
; Number detected on machine ; 12          ;
; Maximum allowed            ; 6           ;
;                            ;             ;
; Average used               ; 1.00        ;
; Maximum used               ; 6           ;
;                            ;             ;
; Usage by Processor         ; % Time Used ;
;     Processor 1            ; 100.0%      ;
;     Processor 2            ;   0.0%      ;
;     Processor 3            ;   0.0%      ;
;     Processor 4            ;   0.0%      ;
;     Processor 5            ;   0.0%      ;
;     Processor 6            ;   0.0%      ;
+----------------------------+-------------+


+------------------------------------------------------------------------------------------------------------------------------------+
; Analysis & Synthesis Source Files Read                                                                                             ;
+----------------------------------+-----------------+------------------------------+--------------------------------------+---------+
; File Name with User-Entered Path ; Used in Netlist ; File Type                    ; File Name with Absolute Path         ; Library ;
+----------------------------------+-----------------+------------------------------+--------------------------------------+---------+
; ../LED_Board/LEDDriver.sv        ; yes             ; User SystemVerilog HDL File  ; U:/EE_271/LED_Board/LEDDriver.sv     ;         ;
; ../LED_Board/DE1_SoC.sv          ; yes             ; User SystemVerilog HDL File  ; U:/EE_271/LED_Board/DE1_SoC.sv       ;         ;
; ../LED_Board/clock_divider.sv    ; yes             ; User SystemVerilog HDL File  ; U:/EE_271/LED_Board/clock_divider.sv ;         ;
; flipflop.sv                      ; yes             ; User SystemVerilog HDL File  ; U:/EE_271/lab8/flipflop.sv           ;         ;
; button_press.sv                  ; yes             ; User SystemVerilog HDL File  ; U:/EE_271/lab8/button_press.sv       ;         ;
; update_frog.sv                   ; yes             ; User SystemVerilog HDL File  ; U:/EE_271/lab8/update_frog.sv        ;         ;
; update_cars.sv                   ; yes             ; User SystemVerilog HDL File  ; U:/EE_271/lab8/update_cars.sv        ;         ;
; draw_game.sv                     ; yes             ; User SystemVerilog HDL File  ; U:/EE_271/lab8/draw_game.sv          ;         ;
; collision.sv                     ; yes             ; User SystemVerilog HDL File  ; U:/EE_271/lab8/collision.sv          ;         ;
+----------------------------------+-----------------+------------------------------+--------------------------------------+---------+


+----------------------------------------------------------------------------------------+
; Analysis & Synthesis Resource Usage Summary                                            ;
+---------------------------------------------+------------------------------------------+
; Resource                                    ; Usage                                    ;
+---------------------------------------------+------------------------------------------+
; Estimate of Logic utilization (ALMs needed) ; 539                                      ;
;                                             ;                                          ;
; Combinational ALUT usage for logic          ; 769                                      ;
;     -- 7 input functions                    ; 1                                        ;
;     -- 6 input functions                    ; 263                                      ;
;     -- 5 input functions                    ; 4                                        ;
;     -- 4 input functions                    ; 129                                      ;
;     -- <=3 input functions                  ; 372                                      ;
;                                             ;                                          ;
; Dedicated logic registers                   ; 678                                      ;
;                                             ;                                          ;
; I/O pins                                    ; 103                                      ;
;                                             ;                                          ;
; Total DSP Blocks                            ; 0                                        ;
;                                             ;                                          ;
; Maximum fan-out node                        ; clock_divider:divider|divided_clocks[12] ;
; Maximum fan-out                             ; 666                                      ;
; Total fan-out                               ; 5207                                     ;
; Average fan-out                             ; 3.15                                     ;
+---------------------------------------------+------------------------------------------+


+-----------------------------------------------------------------------------------------------------------------------------------------------------------------------------------------------------------+
; Analysis & Synthesis Resource Utilization by Entity                                                                                                                                                       ;
+-------------------------------+---------------------+---------------------------+-------------------+------------+------+--------------+-----------------------------------+---------------+--------------+
; Compilation Hierarchy Node    ; Combinational ALUTs ; Dedicated Logic Registers ; Block Memory Bits ; DSP Blocks ; Pins ; Virtual Pins ; Full Hierarchy Name               ; Entity Name   ; Library Name ;
+-------------------------------+---------------------+---------------------------+-------------------+------------+------+--------------+-----------------------------------+---------------+--------------+
; |DE1_SoC                      ; 769 (4)             ; 678 (0)                   ; 0                 ; 0          ; 103  ; 0            ; |DE1_SoC                          ; DE1_SoC       ; work         ;
;    |LEDDriver:Driver|         ; 164 (164)           ; 4 (4)                     ; 0                 ; 0          ; 0    ; 0            ; |DE1_SoC|LEDDriver:Driver         ; LEDDriver     ; work         ;
;    |button_press:down_input|  ; 0 (0)               ; 1 (1)                     ; 0                 ; 0          ; 0    ; 0            ; |DE1_SoC|button_press:down_input  ; button_press  ; work         ;
;    |button_press:left_input|  ; 0 (0)               ; 1 (1)                     ; 0                 ; 0          ; 0    ; 0            ; |DE1_SoC|button_press:left_input  ; button_press  ; work         ;
;    |button_press:right_input| ; 0 (0)               ; 1 (1)                     ; 0                 ; 0          ; 0    ; 0            ; |DE1_SoC|button_press:right_input ; button_press  ; work         ;
;    |button_press:up_input|    ; 0 (0)               ; 1 (1)                     ; 0                 ; 0          ; 0    ; 0            ; |DE1_SoC|button_press:up_input    ; button_press  ; work         ;
;    |clock_divider:divider|    ; 13 (13)             ; 13 (13)                   ; 0                 ; 0          ; 0    ; 0            ; |DE1_SoC|clock_divider:divider    ; clock_divider ; work         ;
;    |collision:detect|         ; 85 (85)             ; 1 (1)                     ; 0                 ; 0          ; 0    ; 0            ; |DE1_SoC|collision:detect         ; collision     ; work         ;
;    |draw_game:game|           ; 385 (385)           ; 512 (512)                 ; 0                 ; 0          ; 0    ; 0            ; |DE1_SoC|draw_game:game           ; draw_game     ; work         ;
;    |flipflop:down_raw|        ; 0 (0)               ; 1 (1)                     ; 0                 ; 0          ; 0    ; 0            ; |DE1_SoC|flipflop:down_raw        ; flipflop      ; work         ;
;    |flipflop:down_stable|     ; 0 (0)               ; 1 (1)                     ; 0                 ; 0          ; 0    ; 0            ; |DE1_SoC|flipflop:down_stable     ; flipflop      ; work         ;
;    |flipflop:left_raw|        ; 0 (0)               ; 1 (1)                     ; 0                 ; 0          ; 0    ; 0            ; |DE1_SoC|flipflop:left_raw        ; flipflop      ; work         ;
;    |flipflop:left_stable|     ; 0 (0)               ; 1 (1)                     ; 0                 ; 0          ; 0    ; 0            ; |DE1_SoC|flipflop:left_stable     ; flipflop      ; work         ;
;    |flipflop:right_raw|       ; 0 (0)               ; 1 (1)                     ; 0                 ; 0          ; 0    ; 0            ; |DE1_SoC|flipflop:right_raw       ; flipflop      ; work         ;
;    |flipflop:right_stable|    ; 0 (0)               ; 1 (1)                     ; 0                 ; 0          ; 0    ; 0            ; |DE1_SoC|flipflop:right_stable    ; flipflop      ; work         ;
;    |flipflop:up_raw|          ; 0 (0)               ; 1 (1)                     ; 0                 ; 0          ; 0    ; 0            ; |DE1_SoC|flipflop:up_raw          ; flipflop      ; work         ;
;    |flipflop:up_stable|       ; 0 (0)               ; 1 (1)                     ; 0                 ; 0          ; 0    ; 0            ; |DE1_SoC|flipflop:up_stable       ; flipflop      ; work         ;
;    |update_cars:cars|         ; 99 (99)             ; 128 (128)                 ; 0                 ; 0          ; 0    ; 0            ; |DE1_SoC|update_cars:cars         ; update_cars   ; work         ;
;    |update_frog:frog|         ; 19 (19)             ; 8 (8)                     ; 0                 ; 0          ; 0    ; 0            ; |DE1_SoC|update_frog:frog         ; update_frog   ; work         ;
+-------------------------------+---------------------+---------------------------+-------------------+------------+------+--------------+-----------------------------------+---------------+--------------+
Note: For table entries with two numbers listed, the numbers in parentheses indicate the number of resources of the given type used by the specific entity alone. The numbers listed outside of parentheses indicate the total resources of the given type used by the specific entity and all of its sub-entities in the hierarchy.


+---------------------------------------------------------------------------------------+
; Registers Removed During Synthesis                                                    ;
+----------------------------------------------+----------------------------------------+
; Register name                                ; Reason for Removal                     ;
+----------------------------------------------+----------------------------------------+
; button_press:right_input|ps[1..31]           ; Stuck at GND due to stuck port data_in ;
; button_press:left_input|ps[1..31]            ; Stuck at GND due to stuck port data_in ;
; button_press:down_input|ps[1..31]            ; Stuck at GND due to stuck port data_in ;
; button_press:up_input|ps[1..31]              ; Stuck at GND due to stuck port data_in ;
; clock_divider:divider|divided_clocks[13..31] ; Lost fanout                            ;
; Total Number of Removed Registers = 143      ;                                        ;
+----------------------------------------------+----------------------------------------+


+------------------------------------------------------+
; General Register Statistics                          ;
+----------------------------------------------+-------+
; Statistic                                    ; Value ;
+----------------------------------------------+-------+
; Total registers                              ; 678   ;
; Number of registers using Synchronous Clear  ; 497   ;
; Number of registers using Synchronous Load   ; 0     ;
; Number of registers using Asynchronous Clear ; 0     ;
; Number of registers using Asynchronous Load  ; 0     ;
; Number of registers using Clock Enable       ; 355   ;
; Number of registers using Preset             ; 0     ;
+----------------------------------------------+-------+


+-------------------------------------------------------------------------------------------------------------------------------------------------------+
; Multiplexer Restructuring Statistics (Restructuring Performed)                                                                                        ;
+--------------------+-----------+---------------+----------------------+------------------------+------------+-----------------------------------------+
; Multiplexer Inputs ; Bus Width ; Baseline Area ; Area if Restructured ; Saving if Restructured ; Registered ; Example Multiplexer Output              ;
+--------------------+-----------+---------------+----------------------+------------------------+------------+-----------------------------------------+
; 3:1                ; 256 bits  ; 512 LEs       ; 0 LEs                ; 512 LEs                ; Yes        ; |DE1_SoC|draw_game:game|GrnPixels[3][1] ;
; 3:1                ; 60 bits   ; 120 LEs       ; 60 LEs               ; 60 LEs                 ; Yes        ; |DE1_SoC|update_cars:cars|car5[11]      ;
; 3:1                ; 36 bits   ; 72 LEs        ; 0 LEs                ; 72 LEs                 ; Yes        ; |DE1_SoC|update_cars:cars|car11[2]      ;
; 3:1                ; 32 bits   ; 64 LEs        ; 0 LEs                ; 64 LEs                 ; Yes        ; |DE1_SoC|update_cars:cars|count[13]     ;
; 5:1                ; 3 bits    ; 9 LEs         ; 3 LEs                ; 6 LEs                  ; Yes        ; |DE1_SoC|update_frog:frog|frog_y[1]     ;
; 6:1                ; 4 bits    ; 16 LEs        ; 8 LEs                ; 8 LEs                  ; Yes        ; |DE1_SoC|update_frog:frog|frog_x[2]     ;
; 16:1               ; 32 bits   ; 320 LEs       ; 320 LEs              ; 0 LEs                  ; No         ; |DE1_SoC|LEDDriver:Driver|Mux25         ;
+--------------------+-----------+---------------+----------------------+------------------------+------------+-----------------------------------------+


+---------------------------------------------------------------+
; Parameter Settings for User Entity Instance: LEDDriver:Driver ;
+----------------+-------+--------------------------------------+
; Parameter Name ; Value ; Type                                 ;
+----------------+-------+--------------------------------------+
; FREQDIV        ; 0     ; Signed Integer                       ;
+----------------+-------+--------------------------------------+
Note: In order to hide this table in the UI and the text report file, please set the "Show Parameter Settings in Synthesis Report" option in "Analysis and Synthesis Settings -> More Settings" to "Off".


+-----------------------------------------------+
; Port Connectivity Checks: "LEDDriver:Driver"  ;
+-------------+-------+----------+--------------+
; Port        ; Type  ; Severity ; Details      ;
+-------------+-------+----------+--------------+
; EnableCount ; Input ; Info     ; Stuck at VCC ;
+-------------+-------+----------+--------------+


+----------------------------------------------------------------------------------------------------------------------------------+
; Port Connectivity Checks: "clock_divider:divider"                                                                                ;
+------------------------+--------+----------+-------------------------------------------------------------------------------------+
; Port                   ; Type   ; Severity ; Details                                                                             ;
+------------------------+--------+----------+-------------------------------------------------------------------------------------+
; divided_clocks[31..13] ; Output ; Info     ; Connected to dangling logic. Logic that only feeds a dangling port will be removed. ;
; divided_clocks[11..0]  ; Output ; Info     ; Connected to dangling logic. Logic that only feeds a dangling port will be removed. ;
+------------------------+--------+----------+-------------------------------------------------------------------------------------+


+-----------------------------------------------------+
; Post-Synthesis Netlist Statistics for Top Partition ;
+-----------------------+-----------------------------+
; Type                  ; Count                       ;
+-----------------------+-----------------------------+
; arriav_ff             ; 678                         ;
;     ENA               ; 63                          ;
;     ENA SCLR          ; 292                         ;
;     SCLR              ; 205                         ;
;     plain             ; 118                         ;
; arriav_lcell_comb     ; 771                         ;
;     arith             ; 44                          ;
;         1 data inputs ; 43                          ;
;         2 data inputs ; 1                           ;
;     extend            ; 1                           ;
;         7 data inputs ; 1                           ;
;     normal            ; 726                         ;
;         0 data inputs ; 2                           ;
;         1 data inputs ; 6                           ;
;         2 data inputs ; 320                         ;
;         3 data inputs ; 2                           ;
;         4 data inputs ; 129                         ;
;         5 data inputs ; 4                           ;
;         6 data inputs ; 263                         ;
; boundary_port         ; 103                         ;
;                       ;                             ;
; Max LUT depth         ; 4.10                        ;
; Average LUT depth     ; 2.41                        ;
+-----------------------+-----------------------------+


+-------------------------------+
; Elapsed Time Per Partition    ;
+----------------+--------------+
; Partition Name ; Elapsed Time ;
+----------------+--------------+
; Top            ; 00:00:03     ;
+----------------+--------------+


+-------------------------------+
; Analysis & Synthesis Messages ;
+-------------------------------+
Info: *******************************************************************
Info: Running Quartus Prime Analysis & Synthesis
    Info: Version 17.0.2 Build 602 07/19/2017 SJ Standard Edition
    Info: Processing started: Wed Dec 04 14:40:38 2019
Info: Command: quartus_map --read_settings_files=on --write_settings_files=off DE1_SoC -c DE1_SoC
Info (20030): Parallel compilation is enabled and will use 6 of the 6 processors detected
Info (12021): Found 3 design units, including 3 entities, in source file /ee_271/led_board/leddriver.sv
    Info (12023): Found entity 1: LEDDriver File: U:/EE_271/LED_Board/LEDDriver.sv Line: 13
    Info (12023): Found entity 2: LEDDriver_Test File: U:/EE_271/LED_Board/LEDDriver.sv Line: 34
    Info (12023): Found entity 3: LEDDriver_TestPhysical File: U:/EE_271/LED_Board/LEDDriver.sv Line: 71
Info (12021): Found 2 design units, including 2 entities, in source file /ee_271/led_board/led_test.sv
    Info (12023): Found entity 1: LED_test File: U:/EE_271/LED_Board/LED_test.sv Line: 1
    Info (12023): Found entity 2: LED_test_testbench File: U:/EE_271/LED_Board/LED_test.sv Line: 60
Info (12021): Found 2 design units, including 2 entities, in source file /ee_271/led_board/de1_soc.sv
    Info (12023): Found entity 1: DE1_SoC File: U:/EE_271/LED_Board/DE1_SoC.sv Line: 2
    Info (12023): Found entity 2: DE1_SoC_testbench File: U:/EE_271/LED_Board/DE1_SoC.sv Line: 106
Info (12021): Found 1 design units, including 1 entities, in source file /ee_271/led_board/clock_divider.sv
    Info (12023): Found entity 1: clock_divider File: U:/EE_271/LED_Board/clock_divider.sv Line: 3
Info (12021): Found 1 design units, including 1 entities, in source file seg7enable.sv
    Info (12023): Found entity 1: seg7enable File: U:/EE_271/lab8/seg7enable.sv Line: 1
Info (12021): Found 2 design units, including 2 entities, in source file lab6_implement.sv
    Info (12023): Found entity 1: lab6_implement File: U:/EE_271/lab8/lab6_implement.sv Line: 4
    Info (12023): Found entity 2: lab6_implement_testbench File: U:/EE_271/lab8/lab6_implement.sv Line: 57
Info (12021): Found 2 design units, including 2 entities, in source file flipflop.sv
    Info (12023): Found entity 1: flipflop File: U:/EE_271/lab8/flipflop.sv Line: 1
    Info (12023): Found entity 2: flipflop_testbench File: U:/EE_271/lab8/flipflop.sv Line: 19
Info (12021): Found 2 design units, including 2 entities, in source file seg7.sv
    Info (12023): Found entity 1: seg7 File: U:/EE_271/lab8/seg7.sv Line: 1
    Info (12023): Found entity 2: seg7_testbench File: U:/EE_271/lab8/seg7.sv Line: 25
Info (12021): Found 2 design units, including 2 entities, in source file button_press.sv
    Info (12023): Found entity 1: button_press File: U:/EE_271/lab8/button_press.sv Line: 1
    Info (12023): Found entity 2: button_press_testbench File: U:/EE_271/lab8/button_press.sv Line: 48
Info (12021): Found 2 design units, including 2 entities, in source file update_frog.sv
    Info (12023): Found entity 1: update_frog File: U:/EE_271/lab8/update_frog.sv Line: 1
    Info (12023): Found entity 2: update_frog_testbench File: U:/EE_271/lab8/update_frog.sv Line: 34
Info (12021): Found 2 design units, including 2 entities, in source file update_cars.sv
    Info (12023): Found entity 1: update_cars File: U:/EE_271/lab8/update_cars.sv Line: 1
    Info (12023): Found entity 2: update_cars_testbench File: U:/EE_271/lab8/update_cars.sv Line: 96
Info (12021): Found 2 design units, including 2 entities, in source file draw_game.sv
    Info (12023): Found entity 1: draw_game File: U:/EE_271/lab8/draw_game.sv Line: 1
    Info (12023): Found entity 2: draw_game_testbench File: U:/EE_271/lab8/draw_game.sv Line: 38
Info (12021): Found 2 design units, including 2 entities, in source file collision.sv
    Info (12023): Found entity 1: collision File: U:/EE_271/lab8/collision.sv Line: 1
    Info (12023): Found entity 2: collision_testbench File: U:/EE_271/lab8/collision.sv Line: 27
Info (12127): Elaborating entity "DE1_SoC" for the top level hierarchy
Info (12128): Elaborating entity "clock_divider" for hierarchy "clock_divider:divider" File: U:/EE_271/LED_Board/DE1_SoC.sv Line: 24
Info (12128): Elaborating entity "LEDDriver" for hierarchy "LEDDriver:Driver" File: U:/EE_271/LED_Board/DE1_SoC.sv Line: 42
Info (12128): Elaborating entity "flipflop" for hierarchy "flipflop:up_raw" File: U:/EE_271/LED_Board/DE1_SoC.sv Line: 60
Info (12128): Elaborating entity "button_press" for hierarchy "button_press:up_input" File: U:/EE_271/LED_Board/DE1_SoC.sv Line: 62
Info (12128): Elaborating entity "collision" for hierarchy "collision:detect" File: U:/EE_271/LED_Board/DE1_SoC.sv Line: 96
Info (12128): Elaborating entity "update_frog" for hierarchy "update_frog:frog" File: U:/EE_271/LED_Board/DE1_SoC.sv Line: 97
Warning (10230): Verilog HDL assignment warning at update_frog.sv(15): truncated value with size 32 to match size of target (4) File: U:/EE_271/lab8/update_frog.sv Line: 15
Warning (10230): Verilog HDL assignment warning at update_frog.sv(18): truncated value with size 32 to match size of target (4) File: U:/EE_271/lab8/update_frog.sv Line: 18
Warning (10230): Verilog HDL assignment warning at update_frog.sv(21): truncated value with size 32 to match size of target (4) File: U:/EE_271/lab8/update_frog.sv Line: 21
Warning (10230): Verilog HDL assignment warning at update_frog.sv(24): truncated value with size 32 to match size of target (4) File: U:/EE_271/lab8/update_frog.sv Line: 24
Info (12128): Elaborating entity "update_cars" for hierarchy "update_cars:cars" File: U:/EE_271/LED_Board/DE1_SoC.sv Line: 98
Info (12128): Elaborating entity "draw_game" for hierarchy "draw_game:game" File: U:/EE_271/LED_Board/DE1_SoC.sv Line: 100
Info (286030): Timing-Driven Synthesis is running
Info (17049): 19 registers lost all their fanouts during netlist optimizations.
Info (144001): Generated suppressed messages file U:/EE_271/lab8/output_files/DE1_SoC.map.smsg
Info (16010): Generating hard_block partition "hard_block:auto_generated_inst"
    Info (16011): Adding 0 node(s), including 0 DDIO, 0 PLL, 0 transceiver and 0 LCELL
Info (21057): Implemented 1236 device resources after synthesis - the final resource count might be different
    Info (21058): Implemented 15 input pins
    Info (21059): Implemented 88 output pins
    Info (21061): Implemented 1133 logic cells
Info: Quartus Prime Analysis & Synthesis was successful. 0 errors, 4 warnings
    Info: Peak virtual memory: 4881 megabytes
    Info: Processing ended: Wed Dec 04 14:41:08 2019
    Info: Elapsed time: 00:00:30
    Info: Total CPU time (on all processors): 00:00:26


+------------------------------------------+
; Analysis & Synthesis Suppressed Messages ;
+------------------------------------------+
The suppressed messages can be found in U:/EE_271/lab8/output_files/DE1_SoC.map.smsg.


